#
# A fatal error has been detected by the Java Runtime Environment:
#
#  Internal Error (javaClasses.cpp:129), pid=4896, tid=3004
#  fatal error: Invalid layout of preloaded class
#
# JRE version: 7.0_09-b05
# Java VM: Java HotSpot(TM) 64-Bit Server VM (23.5-b02 mixed mode windows-amd64 compressed oops)
# Failed to write core dump. Minidumps are not enabled by default on client versions of Windows
#
# If you would like to submit a bug report, please visit:
#   http://bugreport.sun.com/bugreport/crash.jsp
#

---------------  T H R E A D  ---------------

Current thread (0x000000000250c800):  JavaThread "Unknown thread" [_thread_in_vm, id=3004, stack(0x0000000002730000,0x0000000002830000)]

Stack: [0x0000000002730000,0x0000000002830000]

---------------  P R O C E S S  ---------------

Java Threads: ( => current thread )

Other Threads:

=>0x000000000250c800 (exited) JavaThread "Unknown thread" [_thread_in_vm, id=3004, stack(0x0000000002730000,0x0000000002830000)]

VM state:not at safepoint (not fully initialized)

VM Mutex/Monitor currently owned by a thread: None

GC Heap History (0 events):
No events

Deoptimization events (0 events):
No events

Internal exceptions (0 events):
No events

Events (10 events):
Event: 0.010 loading class 0x00000000025911c0 done
Event: 0.010 loading class 0x0000000002552d20 done
Event: 0.010 loading class 0x0000000002552cf0
Event: 0.010 loading class 0x000000000259e310
Event: 0.010 loading class 0x000000000259e310 done
Event: 0.010 loading class 0x000000000259e350
Event: 0.010 loading class 0x000000000259e350 done
Event: 0.010 loading class 0x00000000025e3600
Event: 0.010 loading class 0x00000000025e3600 done
Event: 0.010 loading class 0x0000000002552cf0 done


Dynamic libraries:
0x000000013fea0000 - 0x000000013fed4000 	C:\Program Files\Java\jre7\bin\javaw.exe
0x0000000077ad0000 - 0x0000000077c7c000 	C:\Windows\SYSTEM32\ntdll.dll
0x00000000773f0000 - 0x000000007750f000 	C:\Windows\system32\kernel32.dll
0x000007fefdff0000 - 0x000007fefe05c000 	C:\Windows\system32\KERNELBASE.dll
0x000007feff660000 - 0x000007feff73b000 	C:\Windows\system32\ADVAPI32.dll
0x000007feffcc0000 - 0x000007feffd5f000 	C:\Windows\system32\msvcrt.dll
0x000007feff590000 - 0x000007feff5af000 	C:\Windows\SYSTEM32\sechost.dll
0x000007feff740000 - 0x000007feff86e000 	C:\Windows\system32\RPCRT4.dll
0x0000000077510000 - 0x000000007760a000 	C:\Windows\system32\USER32.dll
0x000007feffb70000 - 0x000007feffbd7000 	C:\Windows\system32\GDI32.dll
0x000007feffb40000 - 0x000007feffb4e000 	C:\Windows\system32\LPK.dll
0x000007feff1a0000 - 0x000007feff26a000 	C:\Windows\system32\USP10.dll
0x000007fefc830000 - 0x000007fefca24000 	C:\Windows\WinSxS\amd64_microsoft.windows.common-controls_6595b64144ccf1df_6.0.7600.16661_none_fa62ad231704eab7\COMCTL32.dll
0x000007feffd60000 - 0x000007feffdd1000 	C:\Windows\system32\SHLWAPI.dll
0x000007feff5b0000 - 0x000007feff5de000 	C:\Windows\system32\IMM32.DLL
0x000007feff270000 - 0x000007feff379000 	C:\Windows\system32\MSCTF.dll
0x0000000067840000 - 0x0000000067911000 	C:\Program Files\Java\jre7\bin\msvcr100.dll
0x000000005d7e0000 - 0x000000005deff000 	C:\Program Files\Java\jre7\bin\server\jvm.dll
0x000007fef84b0000 - 0x000007fef84b9000 	C:\Windows\system32\WSOCK32.dll
0x000007feff870000 - 0x000007feff8bd000 	C:\Windows\system32\WS2_32.dll
0x000007feff140000 - 0x000007feff148000 	C:\Windows\system32\NSI.dll
0x000007fefaee0000 - 0x000007fefaf1b000 	C:\Windows\system32\WINMM.dll
0x0000000077c90000 - 0x0000000077c97000 	C:\Windows\system32\PSAPI.DLL
0x00000000679b0000 - 0x00000000679bf000 	C:\Program Files\Java\jre7\bin\verify.dll
0x0000000067810000 - 0x0000000067838000 	C:\Program Files\Java\jre7\bin\java.dll
0x00000000677f0000 - 0x0000000067805000 	C:\Program Files\Java\jre7\bin\zip.dll

VM Arguments:
jvm_args: -Dfile.encoding=GBK -Xbootclasspath/p:D:\android\sdk\adt-bundle-windows-x86_64\sdk\platforms\android-17\android.jar 
java_command: com.starbaby_03.utils.MyMD5Util
Launcher Type: SUN_STANDARD

Environment Variables:
JAVA_HOME=D:\android_install
CLASSPATH=D:\android_installlib\tools.jar;D:\android_installlib\dt.jar;D:\android_installlib\bin;
PATH=C:\Program Files (x86)\NVIDIA Corporation\PhysX\Common;C:\Windows\system32;C:\Windows;C:\Windows\System32\Wbem;C:\Windows\System32\WindowsPowerShell\v1.0\;D:\android_install\bin;D:\android\sdk\adt-bundle-windows-x86_64\sdk\tools;C:\Program Files\TortoiseSVN\bin;C:\cygwin\bin;C:\Program Files (x86)\Calibre2\;D:\opencv\android-ndk-r8e;
USERNAME=Administrator
OS=Windows_NT
PROCESSOR_IDENTIFIER=AMD64 Family 16 Model 10 Stepping 0, AuthenticAMD



---------------  S Y S T E M  ---------------

OS: Windows 7 , 64 bit Build 7600 

CPU:total 4 (4 cores per cpu, 1 threads per core) family 16 model 10 stepping 0, cmov, cx8, fxsr, mmx, sse, sse2, sse3, popcnt, mmxext, 3dnowpref, lzcnt, sse4a, tsc, tscinvbit, tscinv

Memory: 4k page, physical 4192376k(1177804k free), swap 8382844k(4099248k free)

vm_info: Java HotSpot(TM) 64-Bit Server VM (23.5-b02) for windows-amd64 JRE (1.7.0_09-b05), built on Sep 24 2012 21:45:04 by "java_re" with unknown MS VC++:1600

time: Thu May 09 09:47:16 2013
elapsed time: 0 seconds

